C51 COMPILER V9.54   GESTURE                                                               08/31/2022 15:02:54 PAGE 1   


C51 COMPILER V9.54, COMPILATION OF MODULE GESTURE
OBJECT MODULE PLACED IN .\Objects\gesture.obj
COMPILER INVOKED BY: D:\Keil5\C51\BIN\C51.EXE ..\src\bsp\gesture.c LARGE OPTIMIZE(8,SPEED) BROWSE DEBUG OBJECTEXTEND PRI
                    -NT(.\Listings\gesture.lst) TABS(5) OBJECT(.\Objects\gesture.obj)

line level    source

   1          #include "..\include_s.h"
   2          
   3          
   4          u16 gesture_left_count=0,gesture_right_count=0;
   5          void gesture_pwm_off(void)
   6          {
   7   1           PWM0CON &=~(1<<7) ;
   8   1           
   9   1           SETBANK1;
  10   1           PWM1CON &=~(1<<7);
  11   1           SETBANK0;
  12   1      }
  13          
  14          void gesture_pwm_on(void)
  15          {
  16   1           PWM0CON |=(1<<7);
  17   1           
  18   1           SETBANK1;
  19   1           PWM1CON |=(1<<7);
  20   1           SETBANK0;
  21   1      }
  22          
  23          
  24          //500us调用一次
  25          void gesture_ctrl(void)
  26          {
  27   1           static u8 gesture_time=8;
  28   1           static u8 gesture_off_time=7;
  29   1           
  30   1           if ( gesture_time!=0 )
  31   1           {
  32   2                gesture_time--;
  33   2                if (gesture_time < gesture_off_time)
  34   2                {
  35   3                     gesture_pwm_off();
  36   3                }
  37   2                else
  38   2                {
  39   3                     gesture_pwm_on();
  40   3                }
  41   2           }
  42   1           else
  43   1           {
  44   2                gesture_time=8;
  45   2                gesture_off_time=7;
  46   2           }
  47   1      }


MODULE INFORMATION:   STATIC OVERLAYABLE
   CODE SIZE        =     61    ----
   CONSTANT SIZE    =   ----    ----
   XDATA SIZE       =      6    ----
   PDATA SIZE       =   ----    ----
C51 COMPILER V9.54   GESTURE                                                               08/31/2022 15:02:54 PAGE 2   

   DATA SIZE        =   ----    ----
   IDATA SIZE       =   ----    ----
   BIT SIZE         =   ----    ----
END OF MODULE INFORMATION.


C51 COMPILATION COMPLETE.  0 WARNING(S),  0 ERROR(S)
