C51 COMPILER V9.54   INPUTS                                                                08/31/2022 15:02:53 PAGE 1   


C51 COMPILER V9.54, COMPILATION OF MODULE INPUTS
OBJECT MODULE PLACED IN .\Objects\inputs.obj
COMPILER INVOKED BY: D:\Keil5\C51\BIN\C51.EXE ..\src\bsp\inputs.c LARGE OPTIMIZE(8,SPEED) BROWSE DEBUG OBJECTEXTEND PRIN
                    -T(.\Listings\inputs.lst) TABS(5) OBJECT(.\Objects\inputs.obj)

line level    source

   1          #include "..\include_s.h"
   2          
   3          
   4          void update_all_inputs(void)
   5          {
   6   1           Get_TK_States();//调用中颖库获得的键值
   7   1           scan_key=sino_key_value;//将调用中颖库获得的键值付给key_scan函数使用
   8   1           key_board_scan(&kb);//键信息处理
   9   1      }


MODULE INFORMATION:   STATIC OVERLAYABLE
   CODE SIZE        =     29    ----
   CONSTANT SIZE    =   ----    ----
   XDATA SIZE       =   ----    ----
   PDATA SIZE       =   ----    ----
   DATA SIZE        =   ----    ----
   IDATA SIZE       =   ----    ----
   BIT SIZE         =   ----    ----
END OF MODULE INFORMATION.


C51 COMPILATION COMPLETE.  0 WARNING(S),  0 ERROR(S)
