C51 COMPILER V9.54   INTERRUPT_S                                                           08/31/2022 15:02:53 PAGE 1   


C51 COMPILER V9.54, COMPILATION OF MODULE INTERRUPT_S
OBJECT MODULE PLACED IN .\Objects\interrupt_s.obj
COMPILER INVOKED BY: D:\Keil5\C51\BIN\C51.EXE ..\src\bsp\interrupt_s.c LARGE OPTIMIZE(8,SPEED) BROWSE DEBUG OBJECTEXTEND
                    - PRINT(.\Listings\interrupt_s.lst) TABS(5) OBJECT(.\Objects\interrupt_s.obj)

line level    source

   1          
   2          #include "..\include_s.h"
   3          
   4          u8 time_10ms_ct;
   5          bool run_sec_f;
   6          
   7          /***************************************************************/
   8          //500ms的时基
   9          void Timer3_INT() interrupt   5
  10          {
  11   1           static u8 t_1s_ct = 0;
  12   1           _push_(INSCON);
  13   1           SETBANK1;
  14   1      //     TOGGLE_TEST_PIN = ~TOGGLE_TEST_PIN;
  15   1           SETBANK0;
  16   1           if(t_1s_ct++ >= 1)
  17   1           {
  18   2                t_1s_ct = 0;
  19   2                run_sec_f = true;
  20   2           }
  21   1      
  22   1          _pop_(INSCON);
  23   1      }
  24          /***************************************************************/
  25          //500us的时基
  26          void Timer4_INT() interrupt   9                   
  27          {
  28   1           static u8 t10ms_ct = 0,t1ms_ct = 0;
  29   1           
  30   1           _push_(INSCON); 
  31   1           
  32   1           SETBANK0;
  33   1           if (t10ms_ct++ >= 20)
  34   1           {
  35   2                t10ms_ct = 0;
  36   2                base_10ms_f = true;
  37   2           }
  38   1           
  39   1           t1ms_ct++;
  40   1           if(t1ms_ct>=2)
  41   1           {
  42   2                t1ms_ct = 0;
  43   2                
  44   2                uart_byte_tmr_dn(&panel_comm);//中断中调用字节接收超时函数
  45   2           }
  46   1           
  47   1           handtube_ctrl();//发送载波
  48   1           _pop_(INSCON);
  49   1      }
  50          
  51          /***************************************************************/
  52          //100us的时基
  53          void Timer5_INT() interrupt   3
  54          {   
C51 COMPILER V9.54   INTERRUPT_S                                                           08/31/2022 15:02:53 PAGE 2   

  55   1           _push_(INSCON); 
  56   1           
  57   1           update_hand_gesture();
  58   1           
  59   1          _pop_(INSCON);
  60   1      }
  61          
  62          /***************************************************************/
  63          void UART2_INT() interrupt 16
  64          {
  65   1          _push_(INSCON);     
  66   1          SETBANK1;
  67   1      
  68   1          if (RI2 == 1)
  69   1          {
  70   2              RI2 = 0;  
  71   2              uart_recv_byte_isr(&panel_comm);
  72   2          }
  73   1          
  74   1          if (TI2 == 1)
  75   1          {
  76   2              TI2 = 0;  
  77   2              uart_send_byte_isr(&panel_comm);
  78   2          }
  79   1      
  80   1          _pop_(INSCON);      
  81   1      }
  82          
  83          
  84          /*******************************************
  85          void ext_int4(void ) interrupt 10
  86          {
  87              _push_(INSCON);   
  88              
  89              if (EXF1 & bit10000000)
  90              {
  91                  rf_bit_int();
  92              }
  93          
  94              EXF1 = 0;
  95          
  96              _pop_(INSCON);   
  97          }
  98          ********************/
  99          
 100          
 101          
 102          
 103          
 104          
 105          
 106          
 107          
 108          
 109          
 110          
 111          
 112          
 113          
 114          
 115          
 116          
C51 COMPILER V9.54   INTERRUPT_S                                                           08/31/2022 15:02:53 PAGE 3   

 117          
 118          
 119          
 120          
 121          
 122          
 123          
 124          


MODULE INFORMATION:   STATIC OVERLAYABLE
   CODE SIZE        =    311    ----
   CONSTANT SIZE    =   ----    ----
   XDATA SIZE       =      4    ----
   PDATA SIZE       =   ----    ----
   DATA SIZE        =   ----    ----
   IDATA SIZE       =   ----    ----
   BIT SIZE         =      1    ----
END OF MODULE INFORMATION.


C51 COMPILATION COMPLETE.  0 WARNING(S),  0 ERROR(S)
