C51 COMPILER V9.54   KEY_V2_3_LIB                                                          08/31/2022 15:02:54 PAGE 1   


C51 COMPILER V9.54, COMPILATION OF MODULE KEY_V2_3_LIB
OBJECT MODULE PLACED IN .\Objects\key_v2.3_lib.obj
COMPILER INVOKED BY: D:\Keil5\C51\BIN\C51.EXE ..\src\lib\key_v2.3_lib.c LARGE OPTIMIZE(8,SPEED) BROWSE DEBUG OBJECTEXTEN
                    -D PRINT(.\Listings\key_v2.3_lib.lst) TABS(5) OBJECT(.\Objects\key_v2.3_lib.obj)

line level    source

   1          /****************************************************************************
   2           * key.c
   3           *
   4           *    Copyright (C) Hiklife. All rights reserved.
   5           *   Author: Lgx <lgx@hiklife.com> 2019-03
   6           * 
   7           *  æŒ‰é”®ç›¸å…³å‡½æ•°
   8           *
   9           ****************************************************************************/
  10          
  11          #include "..\include_s.h"
  12          
  13          #define KEY_WAIT    0
  14          #define KEY_ERROR   1
  15          #define KEY_ERROR2  2
  16          
  17          extern u8 crom Down_ct;
  18          
  19          static u8 scan_state;
  20          
  21          /****************************************
  22           * å‡½æ•°åï¼š     key_board_init 
  23           * è¯´æ˜ï¼š   æŒ‰é”®åˆå§‹åŒ–
  24           * è¾“å…¥ï¼š   Key_Inst_tæŒ‡é’ˆ 
  25           * è¾“å‡ºï¼š   --
  26           ****************************************/
  27          void key_board_init(Key_Inst_t * kb)
  28          {
  29   1          kb->key_interval = 0;
  30   1          kb->key_keep_ct = 0;
  31   1          kb->key_state = 0;
  32   1          kb->key_value = 0;
  33   1      
  34   1          scan_state = KEY_WAIT;
  35   1      }
  36          
  37          /****************************************
  38           * å‡½æ•°åï¼š     key_up_deal 
  39           * è¯´æ˜ï¼š   æŒ‰é”®æŠ¬èµ·å¤„ç†
  40           * è¾“å…¥ï¼š   Key_Inst_tæŒ‡é’ˆ 
  41           * è¾“å‡ºï¼š   --
  42           ****************************************/
  43          static void key_up_deal(Key_Inst_t * kb)
  44          {
  45   1           if (kb->key_keep_ct >= TDN3D0SEC)                 //3000ms/(20ms*TDn_Ct)
  46   1                kb->key_state = skey_long_up;                //å¤§äº3ç§’,é•¿æŒ‰æŠ¬èµ·
  47   1           else
  48   1                kb->key_state = skey_short_up;                    //å°äº1ç§’,çŸ­æŒ‰æŠ¬èµ·
  49   1      
  50   1           kb->key_keep_ct = 0;                                   //2012-4-19
  51   1      }
  52          
  53          /****************************************
  54           * å‡½æ•°åï¼š     key_board_scan 
C51 COMPILER V9.54   KEY_V2_3_LIB                                                          08/31/2022 15:02:54 PAGE 2   

  55           * è¯´æ˜ï¼š   é”®ç›˜æ£€æµ‹å‡½æ•°ï¼Œä¸get_key_pinså‡½æ•°è°ƒç”¨åŒæ­¥
  56           * è¾“å…¥ï¼š   Key_Inst_tæŒ‡é’ˆ 
  57           * è¾“å‡ºï¼š   --
  58           ****************************************/
  59          
  60          bool key_board_scan(Key_Inst_t * kb)
  61          {
  62   1          static  u8 old_scan_v = skey_none;
  63   1          static  u8 old_key_v  = skey_none;
  64   1          static  u8 scan_ct = 0;
  65   1          
  66   1          unsigned char scanvaltmp;
  67   1          
  68   1          scanvaltmp = key_scan();
  69   1          
  70   1          if (old_scan_v != scanvaltmp)
  71   1          {
  72   2                old_scan_v = scanvaltmp ;                    
  73   2                scan_ct = 0 ;    
  74   2              return false;
  75   2          }
  76   1      
  77   1           if (++scan_ct < Down_ct)//æ¶ˆæŠ–
  78   1              return false;
  79   1          scan_ct = 0;
  80   1          
  81   1          if (scan_state >= KEY_ERROR)
  82   1          {//ç”±æ— æ•ˆæŒ‰é”®åˆ°æœ‰æ•ˆæŒ‰é”®ï¼Œåªå¤„ç†å¤åˆé”®,å¦åˆ™å¤åˆé”®å˜æˆå•é”®ä¼šå“åº”
  83   2              old_key_v = skey_none;
  84   2              if ((scan_state == KEY_ERROR2) || (scanvaltmp < key_multi))   
  85   2              {//key_board_waitupè°ƒç”¨ï¼Œå¼ºåˆ¶ç­‰å¾…æŠ¬èµ·ã€‚æˆ– æœ‰æ— æ•ˆé”®æŒ‰è¿‡ï¼Œå˜æˆå•é”®ä¹Ÿå¼ºåˆ¶ç­‰
             -å¾…æŠ¬èµ·ã€‚
  86   3                  if (scanvaltmp == skey_none)
  87   3                      scan_state = KEY_WAIT;
  88   3      
  89   3                  goto nokey;
  90   3              }
  91   2      
  92   2              if (scanvaltmp == skey_err)
  93   2                  goto nokey;
  94   2      
  95   2              //å¤åˆé”®ä¼šåˆ°è¿™é‡Œ,æœ‰æ— æ•ˆé”®æŒ‰è¿‡ï¼Œå˜æˆå•é”®å†å˜æœ‰æ•ˆå¤åˆé”®ä¹Ÿèƒ½å¤„ç†ï¼Œä¸ºäº
             -†é€‚åº”3é”®æŒ‰ä¸‹çš„å¤åˆé”®ã€‚
  96   2              scan_state = KEY_WAIT;
  97   2          }
  98   1          
  99   1          if ((scanvaltmp == skey_none)&&(old_key_v == skey_none))
 100   1          {
 101   2          nokey:        
 102   2              kb->key_value = skey_none;
 103   2              kb->key_state = skey_none;
 104   2              kb->key_interval = 0;
 105   2              kb->key_keep_ct = 0;
 106   2              return false;
 107   2          }
 108   1          
 109   1          if (scanvaltmp == skey_err)
 110   1          {
 111   2              scan_state = KEY_ERROR;
 112   2                old_key_v = skey_none;
 113   2              return false;
 114   2          }
C51 COMPILER V9.54   KEY_V2_3_LIB                                                          08/31/2022 15:02:54 PAGE 3   

 115   1      
 116   1          if (scanvaltmp == skey_none)
 117   1          {//è¿™é‡Œè‚¯å®š old_key_v != skey_none
 118   2              kb->key_value = old_key_v;
 119   2              old_key_v = skey_none;
 120   2              key_up_deal(kb);
 121   2              return true;
 122   2          }
 123   1          
 124   1          if (scanvaltmp != old_key_v)
 125   1          {//
 126   2              /*  */
 127   2              if (old_key_v == skey_none)
 128   2              {//new
 129   3                  kb->key_value = old_key_v = scanvaltmp;
 130   3                  key_time_count(kb);
 131   3              }
 132   2              else
 133   2              {//ç»„åˆé”®,å…ˆæŠ¬èµ·ä¸€ä¸ªé”®
 134   3                  /* ä¸å“åº”åŸæ¥çš„é”®æŠ¬èµ·åŠ¨ä½œ
 135   3                  kb->key_value = old_key_v;
 136   3                  old_key_v = skey_none;
 137   3                  key_up_deal(kb); */
 138   3                  kb->key_value = old_key_v;
 139   3                  old_key_v = skey_none;
 140   3                  key_up_deal(kb);
 141   3      
 142   3      //            kb->key_value = old_key_v = scanvaltmp;
 143   3      //            key_time_count(kb);
 144   3              }
 145   2      
 146   2              //new å•é”® OR ç»„åˆé”®//bugï¼ŒæœªæŠ¬èµ·ç›´æ¥æ¢æˆå¦ä¸€ä¸ªé”®æ—¶!
 147   2              /* kb->key_keep_ct = 0;                    
 148   2              kb->key_value = old_key_v = scanvaltmp;
 149   2              key_time_count(kb); */
 150   2      
 151   2          }
 152   1          else
 153   1          {//keep
 154   2              key_time_count(kb);
 155   2          }
 156   1          
 157   1          return true;
 158   1      }
 159          
 160          /****************************************
 161           * å‡½æ•°åï¼š     key_board_waitup 
 162           * è¯´æ˜ï¼š   ç­‰å¾…æŒ‰é”®å…¨éƒ¨æŠ¬èµ·
 163           * è¾“å…¥ï¼š   Key_Inst_tæŒ‡é’ˆ 
 164           * è¾“å‡ºï¼š   --
 165           ****************************************/
 166          void key_board_waitup(Key_Inst_t * kb)
 167          {
 168   1          //scan_state = KEY_WAIT;
 169   1          scan_state = KEY_ERROR2;
 170   1          
 171   1          kb->key_value = skey_none;
 172   1          kb->key_state = skey_none;
 173   1          kb->key_interval = 0;
 174   1          kb->key_keep_ct = 0;
 175   1      }
 176          
C51 COMPILER V9.54   KEY_V2_3_LIB                                                          08/31/2022 15:02:54 PAGE 4   

 177          
 178          
 179          
 180          
 181          
 182          
 183          
 184          
 185          
 186          
 187          
 188          
 189          
 190          


MODULE INFORMATION:   STATIC OVERLAYABLE
   CODE SIZE        =    371    ----
   CONSTANT SIZE    =   ----    ----
   XDATA SIZE       =      4       3
   PDATA SIZE       =   ----    ----
   DATA SIZE        =   ----    ----
   IDATA SIZE       =   ----    ----
   BIT SIZE         =   ----    ----
END OF MODULE INFORMATION.


C51 COMPILATION COMPLETE.  0 WARNING(S),  0 ERROR(S)
