C51 COMPILER V9.54   MISC                                                                  08/31/2022 15:02:54 PAGE 1   


C51 COMPILER V9.54, COMPILATION OF MODULE MISC
OBJECT MODULE PLACED IN .\Objects\misc.obj
COMPILER INVOKED BY: D:\Keil5\C51\BIN\C51.EXE ..\src\lib\misc.c LARGE OPTIMIZE(8,SPEED) BROWSE DEBUG OBJECTEXTEND PRINT(
                    -.\Listings\misc.lst) TABS(5) OBJECT(.\Objects\misc.obj)

line level    source

   1          
   2          /****************************************************************************
   3           * misc.c
   4           *
   5           *    Copyright (C) Hiklife. All rights reserved.
   6           *   Author: Lgx <lgx@hiklife.com> 2019-03
   7           * 
   8           *  æ‚é¡¹å‡½æ•°
   9           *
  10           ****************************************************************************/
  11          
  12          #include "..\include_s.h"
  13          
  14          /****************************************
  15           * å‡½æ•°åï¼š     get_pin_state1 
  16           * è¯´æ˜ï¼š   ç¦ç”¨å‡½æ•°æŒ‡é’ˆ
  17           * C51å‡½æ•°å±€éƒ¨å˜é‡ç”¨å¯„å­˜å™¨ä¼ é€’ï¼ŒARMç”¨çš„æ˜¯å †æ ˆï¼ŒC51ä¸€èˆ¬å‡½æ•°ä¸èƒ½é‡å…¥ã€‚
  18           * å‡½æ•°æŒ‡é’ˆè¿˜æ˜¯ä¸è¦ç”¨äº†ï¼ï¼ï¼
  19           * å‡½æ•°æŒ‡é’ˆçš„éå†å…¥å‡½æ•°çš„å‰¯ä½œç”¨ï¼Œåœ¨æ‰§è¡Œä¸­å‡ºç°é—®é¢˜ã€‚
  20           * å½“è°ƒç”¨æ ‘ä¸èƒ½æ­£ç¡®çš„å»ºç«‹ï¼Œå‡½æ•°æŒ‡é’ˆå°†å¸¦æ¥é—®é¢˜ã€‚å› ä¸ºè¿æ¥å™¨ä¸èƒ½å†³å®šå‡½æ•°ä¹‹é
             -—´çš„å¼•ç”¨ã€‚
  21           * åœ¨è¿™ä¸ªé—®é¢˜ä¸Šï¼Œæ²¡æœ‰è‡ªåŠ¨çš„è§£å†³æ–¹æ³•ã€‚
  22           * è¾“å…¥ï¼š   PIN_FUNC_t , old  
  23           * è¾“å‡ºï¼š   å½“å‰å¼•è„šçŠ¶æ€
  24           * 
  25          bool get_pin_state1(PIN_FUNC_t pin_func, bool old)
  26          {
  27               volatile bool s1,s2;
  28          
  29               s1 = (bool) pin_func();
  30               delay_10us(50);                                        // 500us 
  31               s2 = (bool) pin_func();
  32          
  33               if (s1 != s2)
  34                    return old;
  35               
  36               delay_10us(50);                                        // 500us 
  37               s1 = (bool) pin_func();
  38               if (s1 != s2)
  39                    return old;
  40          
  41               return s1;
  42          }
  43           ****************************************/
  44          
  45          /****************************************
  46           * å‡½æ•°åï¼š     get_pin_state2 
  47           * è¯´æ˜ï¼š   å¼•è„šä¿¡å·æ¶ˆæŠ–å‡½æ•°
  48           * è¾“å…¥ï¼š   now: å½“å‰å¼•è„šçŠ¶æ€ï¼Œold: ä¸Šæ¬¡è°ƒç”¨è¾“å‡ºçŠ¶æ€ *ct: è®¡æ•°æŒ‡é’ˆ 
  49           * è¾“å‡ºï¼š   bool å¼•è„šçŠ¶æ€
  50           ****************************************/
  51          bool get_pin_state2(u8 *ct, bool now, bool old)
  52          {
  53   1           if (now == old)
C51 COMPILER V9.54   MISC                                                                  08/31/2022 15:02:54 PAGE 2   

  54   1           {
  55   2                *ct = 0;
  56   2                return old;
  57   2           }
  58   1           else
  59   1           {
  60   2                if ((*ct)++  > 1)
  61   2                {
  62   3                     *ct = 0;
  63   3                  return now;  
  64   3                }
  65   2           }
  66   1      
  67   1           return old;
  68   1      }
  69          
  70          /****************************************
  71           * å‡½æ•°åï¼š     bubble_sort 
  72           * è¯´æ˜ï¼š   æ”¹è¿›å‹æ’åº  
  73           * è¾“å…¥ï¼š   x: éœ€è¦æ’åºé¦–åœ°å€ï¼Œn: æ•°æ®é•¿åº¦
  74           * è¾“å‡ºï¼š   --
  75           ****************************************/
  76          void bubble_sort(u16 *x, u8 n)
  77          {
  78   1           u8 j, k, h;
  79   1           u16 t;
  80   1      
  81   1           for (h = n-1; h > 0; h = k)                  /*å¾ªç¯åˆ°æ²¡æœ‰æ¯”è¾ƒèŒƒå›´*/
  82   1           {
  83   2                for (j = 0,k = 0; j < h; j++)      /*æ¯æ¬¡é¢„ç½®k=0ï¼Œå¾ªç¯æ‰«æåæ›´æ–°k*/
  84   2                {
  85   3                     if (*(x+j) > *(x+j+1))             /*å¤§çš„æ”¾åœ¨åé¢ï¼Œå°çš„æ”¾åˆ°å‰é¢*/
  86   3                     {
  87   4                          t = *(x+j);
  88   4                          *(x+j) = *(x+j+1);
  89   4                          *(x+j+1) = t;                 /*å®Œæˆäº¤æ¢*/
  90   4                          k = j;                             /*ä¿å­˜æœ€åä¸‹æ²‰çš„ä½ç½®ã€‚è¿™æ ·kåé¢çš„éƒ½æ˜¯æ’åºæ’å¥½äº†çš„ã€‚*/
  91   4                     }
  92   3                }
  93   2           }
  94   1      }
  95          
  96          /****************************************
  97           * å‡½æ•°åï¼š     
  98           * è¯´æ˜ï¼š   ä¿®æ”¹æ•°å€¼å‡½æ•°
  99           * è¾“å…¥ï¼š   val: éœ€è¦ä¿®æ”¹æ•°æ®åœ°å€ï¼Œd_min: ä¸‹é™ï¼Œd_max: ä¸Šé™
 100           * è¾“å‡ºï¼š   true: æˆåŠŸï¼Œfalse: åˆ°ä¸Šé™æˆ–ä¸‹é™å€¼ï¼Œæ•°å€¼æœªä¿®æ”¹
 101           ****************************************/
 102          bool inc_data_8(u8 *val, u8 d_max)
 103          {
 104   1           if (*val < d_max)
 105   1           {
 106   2                *val= 1 + *val;
 107   2                return true;
 108   2           }
 109   1      
 110   1           return false;  
 111   1      }
 112          
 113          bool inc_data_16(u16 *val, u16 d_max)
 114          {
 115   1           if (*val < d_max)
C51 COMPILER V9.54   MISC                                                                  08/31/2022 15:02:54 PAGE 3   

 116   1           {
 117   2                *val= 1 + *val;
 118   2                return true;
 119   2           }
 120   1      
 121   1           return false;  
 122   1      }
 123          
 124          bool dec_data_8(u8 *val, u8 d_min)
 125          {
 126   1           if (*val > d_min)
 127   1           {
 128   2                *val = *val - 1;
 129   2                return true;
 130   2           }
 131   1      
 132   1           return false;  
 133   1      }
 134          
 135          bool dec_data_16(u16 *val, u16 d_min)
 136          {
 137   1           if (*val > d_min)
 138   1           {
 139   2                *val = *val - 1;
 140   2                return true;
 141   2           }
 142   1      
 143   1           return false;  
 144   1      }
 145          /****************************************
 146           * å‡½æ•°åï¼š     
 147           * è¯´æ˜ï¼š   ä¸Šä¸‹é™å€¼
 148           * è¾“å…¥ï¼š   val: éœ€è¦ä¿®æ”¹æ•°æ®åœ°å€ï¼Œd_min: ä¸‹é™ï¼Œd_max: ä¸Šé™
 149           * è¾“å‡ºï¼š   true: æˆåŠŸï¼Œfalse: åˆ°ä¸Šé™æˆ–ä¸‹é™å€¼ï¼Œæ•°å€¼æœªä¿®æ”¹
 150           ****************************************/
 151          bool lim_max_8(u8 *val, u8 d_max)
 152          {
 153   1           if (*val >= d_max)
 154   1           {
 155   2                *val= d_max;
 156   2                return true;
 157   2           }
 158   1      
 159   1           return false;  
 160   1      }
 161          
 162          bool lim_max_16(u16 *val, u16 d_max)
 163          {
 164   1           if (*val >= d_max)
 165   1           {
 166   2                *val= d_max;
 167   2                return true;
 168   2           }
 169   1      
 170   1           return false;  
 171   1      }
 172          
 173          bool lim_min_8(u8 *val, u8 d_min)
 174          {
 175   1           if (*val <= d_min||*val == 0xff)
 176   1           {
 177   2                *val = d_min;
C51 COMPILER V9.54   MISC                                                                  08/31/2022 15:02:54 PAGE 4   

 178   2                return true;
 179   2           }
 180   1      
 181   1           return false;  
 182   1      }
 183          
 184          bool lim_min_16(u16 *val, u16 d_min)
 185          {
 186   1           if (*val <= d_min)
 187   1           {
 188   2                *val = d_min;
 189   2                return true;
 190   2           }
 191   1      
 192   1           return false;  
 193   1      }
 194          /****************************************
 195           * å‡½æ•°åï¼šu8_up u8_dn    u16_up u16_dn
 196           * è¯´æ˜ï¼š   ä¿®æ”¹æ•°å€¼å‡½æ•°ï¼Œåˆ°0xff 0xffff æˆ– 0 åœæ­¢
 197           * è¾“å…¥ï¼š   xp: éœ€è¦ä¿®æ”¹æ•°æ®åœ°å€
 198           * è¾“å‡ºï¼š   --
 199           ****************************************/
 200          void u8_up(u8 *xp)
 201          {              
 202   1           if(*xp < 0xff)
 203   1           {                             
 204   2                (*xp)++;                                
 205   2           }
 206   1      }
 207          
 208          void u8_dn(u8 *xp)
 209          {                   
 210   1           if(*xp != 0x00)
 211   1           {                        
 212   2                (*xp)--;                           
 213   2           }
 214   1      }
 215          
 216          void u16_up(u16 *xp)
 217          {
 218   1           if(*xp < 0xffff)
 219   1           {
 220   2                (*xp)++;
 221   2           }
 222   1      }
 223          
 224          void u16_dn(u16 *xp)
 225          {
 226   1           if(*xp != 0)
 227   1           {
 228   2                (*xp)--;
 229   2           }
 230   1      }
 231          
 232          /****************************************
 233           * å‡½æ•°åï¼š write_u16_int51    read_u16_int51
 234           * è¯´æ˜ï¼š   åŒæ­¥è¯»å†™51 u16ç±»å‹æ•°å€¼
 235           * è¾“å…¥ï¼š   addr: éœ€è¦ä¿®æ”¹æ•°æ®åœ°å€ , val: è¯»å†™çš„æ•°å€¼
 236           * è¾“å‡ºï¼š   --
 237           ****************************************/
 238          void write_u16_int51(u16 * addr, u16 val)
 239          {
C51 COMPILER V9.54   MISC                                                                  08/31/2022 15:02:54 PAGE 5   

 240   1          do{  
 241   2                * addr = val;
 242   2          }while (val != * addr);    
 243   1      }
 244          
 245          u16 read_u16_int51(u16 * addr)
 246          {
 247   1          volatile u16 temp;
 248   1      
 249   1          do{ temp = * addr;
 250   2          }while (temp != * addr);
 251   1          
 252   1          return temp;
 253   1      }
 254          
 255          /****************************************
 256           * å‡½æ•°åï¼š get_check_sum
 257           * è¯´æ˜ï¼š   ç´¯åŠ å’Œè®¡ç®—
 258           * è¾“å…¥ï¼š   buf: éœ€è¦è®¡ç®—æ•°æ®é¦–åœ°å€, len: æ•°æ®é•¿åº¦
 259           *            æ•°æ®é•¿åº¦åŒ…å«äº†ç´¯åŠ å’Œ
 260           * è¾“å‡ºï¼š   u8
 261           ****************************************/
 262          u8 get_check_sum(u8 *buf, u16 len)
 263          {
 264   1           u16 i;
 265   1           u8 r = 0;
 266   1           
 267   1           for (i = 0; i < (len-1); i++)
 268   1           {
 269   2                r += buf[i];
 270   2           }
 271   1           
 272   1           return r;
 273   1      }
 274          
 275          /****************************************
 276           * å‡½æ•°åï¼š verify_check_sum
 277           * è¯´æ˜ï¼š   ç´¯åŠ æ ¡éªŒ
 278           * è¾“å…¥ï¼š   buf: éœ€è¦è®¡ç®—æ•°æ®é¦–åœ°å€, len: æ•°æ®é•¿åº¦
 279           *            æ•°æ®é•¿åº¦åŒ…å«äº†ç´¯åŠ å’Œ
 280           * è¾“å‡ºï¼š   true: ä¸€è‡´ false: ä¸ä¸€è‡´
 281           ****************************************/
 282          bool verify_check_sum(u8 *buf, u16 len)
 283          {
 284   1           return (get_check_sum(buf,len) == buf[len-1]) ? true : false;
 285   1      }
 286          
 287          /****************************************
 288           * å‡½æ•°åï¼š crc16_cal
 289           * è¯´æ˜ï¼š   crc16 è®¡ç®—å‡½æ•°
 290           * CRC16_CCITT_FALSEï¼šå¤šé¡¹å¼x16+x12+x5+1ï¼ˆ0x1021ï¼‰ï¼Œåˆå§‹å€¼0xFFFFï¼Œä½ä½åœ¨åï¼Œé«˜ä½åœ¨å‰ï¼
             -Œç»“æœä¸0x0000å¼‚æˆ–
 291           * è¾“å…¥ï¼š   buf: éœ€è¦è®¡ç®—æ•°æ®é¦–åœ°å€, len: æ•°æ®é•¿åº¦
 292           *            æ•°æ®é•¿åº¦åŒ…å«äº†crc 2byte
 293           * è¾“å‡ºï¼š   
 294           ****************************************/
 295          
 296          
 297          
 298          /* ç›´æ¥è®¡ç®—
 299          u16 CRC16_CCITT_FALSE(u8 *puchMsg, u32 usDataLen)
 300          {
C51 COMPILER V9.54   MISC                                                                  08/31/2022 15:02:54 PAGE 6   

 301               u16 wCRCin = 0xFFFF;
 302               u16 wCPoly = 0x1021;
 303               u8 wChar = 0;
 304               u16 i;
 305          
 306               while (usDataLen--)
 307               {
 308                    wChar = *(puchMsg++);
 309                    wCRCin ^= (wChar << 8);
 310                    for (i = 0; i < 8; i++)
 311                    {
 312                         if (wCRCin & 0x8000)
 313                              wCRCin = (wCRCin << 1) ^ wCPoly;
 314                         else
 315                              wCRCin = wCRCin << 1;
 316                    }
 317               }
 318               return (wCRCin);
 319          }
 320          
 321          u16 crc16_cal(u8 *buff, u16 len)
 322          {
 323              u8 i;
 324              u16 crc = 0xffff;        // Initial value
 325              while(len--)
 326              {
 327                  crc ^= *buff++;        // crc ^= *data; data++;
 328                  for (i = 0; i < 8; ++i)
 329                  {
 330                      if (crc & 1)
 331                          crc = (crc >> 1) ^ 0x8408;        // 0xA001 = reverse 0x8005
 332                      else
 333                          crc = (crc >> 1);
 334                  }
 335              }
 336              return ~crc;
 337          }
 338          */
 339          #if CRC16_ENABLE
 340          /*  */
 341          crom u16 crc16_table[256]=
 342          {
 343               0X0000, 0X1021, 0X2042, 0X3063, 0X4084, 0X50A5, 0X60C6, 0X70E7,
 344               0X8108, 0X9129, 0XA14A, 0XB16B, 0XC18C, 0XD1AD, 0XE1CE, 0XF1EF,
 345               0X1231, 0X0210, 0X3273, 0X2252, 0X52B5, 0X4294, 0X72F7, 0X62D6,
 346               0X9339, 0X8318, 0XB37B, 0XA35A, 0XD3BD, 0XC39C, 0XF3FF, 0XE3DE,
 347               0X2462, 0X3443, 0X0420, 0X1401, 0X64E6, 0X74C7, 0X44A4, 0X5485,
 348               0XA56A, 0XB54B, 0X8528, 0X9509, 0XE5EE, 0XF5CF, 0XC5AC, 0XD58D,
 349               0X3653, 0X2672, 0X1611, 0X0630, 0X76D7, 0X66F6, 0X5695, 0X46B4,
 350               0XB75B, 0XA77A, 0X9719, 0X8738, 0XF7DF, 0XE7FE, 0XD79D, 0XC7BC,
 351               0X48C4, 0X58E5, 0X6886, 0X78A7, 0X0840, 0X1861, 0X2802, 0X3823,
 352               0XC9CC, 0XD9ED, 0XE98E, 0XF9AF, 0X8948, 0X9969, 0XA90A, 0XB92B,
 353               0X5AF5, 0X4AD4, 0X7AB7, 0X6A96, 0X1A71, 0X0A50, 0X3A33, 0X2A12,
 354               0XDBFD, 0XCBDC, 0XFBBF, 0XEB9E, 0X9B79, 0X8B58, 0XBB3B, 0XAB1A,
 355               0X6CA6, 0X7C87, 0X4CE4, 0X5CC5, 0X2C22, 0X3C03, 0X0C60, 0X1C41,
 356               0XEDAE, 0XFD8F, 0XCDEC, 0XDDCD, 0XAD2A, 0XBD0B, 0X8D68, 0X9D49,
 357               0X7E97, 0X6EB6, 0X5ED5, 0X4EF4, 0X3E13, 0X2E32, 0X1E51, 0X0E70,
 358               0XFF9F, 0XEFBE, 0XDFDD, 0XCFFC, 0XBF1B, 0XAF3A, 0X9F59, 0X8F78,
 359               0X9188, 0X81A9, 0XB1CA, 0XA1EB, 0XD10C, 0XC12D, 0XF14E, 0XE16F,
 360               0X1080, 0X00A1, 0X30C2, 0X20E3, 0X5004, 0X4025, 0X7046, 0X6067,
 361               0X83B9, 0X9398, 0XA3FB, 0XB3DA, 0XC33D, 0XD31C, 0XE37F, 0XF35E,
 362               0X02B1, 0X1290, 0X22F3, 0X32D2, 0X4235, 0X5214, 0X6277, 0X7256,
C51 COMPILER V9.54   MISC                                                                  08/31/2022 15:02:54 PAGE 7   

 363               0XB5EA, 0XA5CB, 0X95A8, 0X8589, 0XF56E, 0XE54F, 0XD52C, 0XC50D,
 364               0X34E2, 0X24C3, 0X14A0, 0X0481, 0X7466, 0X6447, 0X5424, 0X4405,
 365               0XA7DB, 0XB7FA, 0X8799, 0X97B8, 0XE75F, 0XF77E, 0XC71D, 0XD73C,
 366               0X26D3, 0X36F2, 0X0691, 0X16B0, 0X6657, 0X7676, 0X4615, 0X5634,
 367               0XD94C, 0XC96D, 0XF90E, 0XE92F, 0X99C8, 0X89E9, 0XB98A, 0XA9AB,
 368               0X5844, 0X4865, 0X7806, 0X6827, 0X18C0, 0X08E1, 0X3882, 0X28A3,
 369               0XCB7D, 0XDB5C, 0XEB3F, 0XFB1E, 0X8BF9, 0X9BD8, 0XABBB, 0XBB9A,
 370               0X4A75, 0X5A54, 0X6A37, 0X7A16, 0X0AF1, 0X1AD0, 0X2AB3, 0X3A92,
 371               0XFD2E, 0XED0F, 0XDD6C, 0XCD4D, 0XBDAA, 0XAD8B, 0X9DE8, 0X8DC9,
 372               0X7C26, 0X6C07, 0X5C64, 0X4C45, 0X3CA2, 0X2C83, 0X1CE0, 0X0CC1,
 373               0XEF1F, 0XFF3E, 0XCF5D, 0XDF7C, 0XAF9B, 0XBFBA, 0X8FD9, 0X9FF8,
 374               0X6E17, 0X7E36, 0X4E55, 0X5E74, 0X2E93, 0X3EB2, 0X0ED1, 0X1EF0
 375          };
 376          
 377          u16 crc16_cal(u8 * ptr, u16 cnt)
 378          {
 379   1           u8  da;
 380   1           u16 crc = 0xffff;
 381   1      
 382   1           while (cnt--)                                
 383   1           {
 384   2                da = crc >> 8;                          // CRC(h)
 385   2                crc <<= 8;
 386   2                crc ^= crc16_table[da ^ *ptr++];
 387   2           }
 388   1      
 389   1           return crc;
 390   1      }
 391          
 392          bool verify_check_crc16(u8 *buf, u16 len)
 393          {
 394   1           u16 temp;
 395   1      
 396   1           temp = MAKEWORD(buf[len-2],buf[len-1]);
 397   1           
 398   1           return (crc16_cal(buf,len-2) == temp) ? true : false;
 399   1      }
 400          
 401          #endif
 402          
 403          #if CRC8_ENABLE
 404          /***************************************************** 
 405              æ    è¿°ï¼š  CRC8æ ¡éªŒå­ç¨‹åº x^8+x^5+x^4+x^0 
 406              å…¥å£å‚æ•°ï¼š  æŒ‡å‘æ•°ç»„æŒ‡é’ˆï¼Œæ ¡éªŒå­—èŠ‚ä¸ªæ•° 
 407              å‡ºå£å‚æ•°ï¼š  8ä½CRCæ ¡éªŒç  
 408          ******************************************************/  
 409            
 410          crom char CRC8Table[]={  
 411            0, 94, 188, 226, 97, 63, 221, 131, 194, 156, 126, 32, 163, 253, 31, 65,  
 412            157, 195, 33, 127, 252, 162, 64, 30, 95, 1, 227, 189, 62, 96, 130, 220,  
 413            35, 125, 159, 193, 66, 28, 254, 160, 225, 191, 93, 3, 128, 222, 60, 98,  
 414            190, 224, 2, 92, 223, 129, 99, 61, 124, 34, 192, 158, 29, 67, 161, 255,  
 415            70, 24, 250, 164, 39, 121, 155, 197, 132, 218, 56, 102, 229, 187, 89, 7,  
 416            219, 133, 103, 57, 186, 228, 6, 88, 25, 71, 165, 251, 120, 38, 196, 154,  
 417            101, 59, 217, 135, 4, 90, 184, 230, 167, 249, 27, 69, 198, 152, 122, 36,  
 418            248, 166, 68, 26, 153, 199, 37, 123, 58, 100, 134, 216, 91, 5, 231, 185,  
 419            140, 210, 48, 110, 237, 179, 81, 15, 78, 16, 242, 172, 47, 113, 147, 205,  
 420            17, 79, 173, 243, 112, 46, 204, 146, 211, 141, 111, 49, 178, 236, 14, 80,  
 421            175, 241, 19, 77, 206, 144, 114, 44, 109, 51, 209, 143, 12, 82, 176, 238,  
 422            50, 108, 142, 208, 83, 13, 239, 177, 240, 174, 76, 18, 145, 207, 45, 115,  
 423            202, 148, 118, 40, 171, 245, 23, 73, 8, 86, 180, 234, 105, 55, 213, 139,  
 424            87, 9, 235, 181, 54, 104, 138, 212, 149, 203, 41, 119, 244, 170, 72, 22,  
C51 COMPILER V9.54   MISC                                                                  08/31/2022 15:02:54 PAGE 8   

 425            233, 183, 85, 11, 136, 214, 52, 106, 43, 117, 151, 201, 74, 20, 246, 168,  
 426            116, 42, 200, 150, 21, 75, 169, 247, 182, 232, 10, 84, 215, 137, 107, 53  
 427          };  
 428            
 429          /****************************************
 430           * å‡½æ•°åï¼š crc8_calc
 431           * è¯´æ˜ï¼š   crc8 è®¡ç®—å‡½æ•°
 432           * CRC-8/MAXIM x8 + x5 + x4 + 1ï¼Œåˆå§‹å€¼0,http://www.ip33.com/crc.html
 433           * è¾“å…¥ï¼š   buf: éœ€è¦è®¡ç®—æ•°æ®é¦–åœ°å€, len: æ•°æ®é•¿åº¦
 434           *            æ•°æ®é•¿åº¦åŒ…å«äº†ç´¯åŠ å’Œ
 435           * è¾“å‡ºï¼š   u8
 436           ****************************************/
 437          u8 crc8_calc(u8 *p, u8 cnt)  
 438          {  
 439   1          unsigned char crc8 = 0;        //crc8 = 0xffæ—¶; eepromåŠ æ–°æ•°æ®ç»“æ„ï¼Œç¬¬ä¸€æ¬¡è®¡ç®—ä¸º0
 440   1      
 441   1           for (; cnt > 0; cnt--)
 442   1           {
 443   2                crc8 = CRC8Table[crc8 ^ *p];
 444   2                p++;
 445   2           }
 446   1           return (crc8);
 447   1      }   
 448          
 449          /*
 450               u8 crc8_calc(u8 *message, u8 len)
 451               {
 452                    u8 crc;
 453                    u8 i;
 454                    crc = 0xff;
 455                    while (len--)
 456                    {
 457                         crc ^= *message++;
 458                         for (i = 0; i < 8; i++)
 459                         {
 460                              if (crc & 0x01)
 461                              {
 462                                   crc = (crc >> 1) ^ 0x8c;
 463                              }
 464                              else
 465                                   crc >>= 1;
 466                         }
 467                    }
 468                    return crc;
 469               } 
 470          */
 471          
 472          #endif
 473          
 474          void simple_itoa(char * str, u16 n)
 475          {
 476   1           u8 i = 0,j;
 477   1           char ptr[6];
 478   1      
 479   1           while (n)
 480   1           {
 481   2                ptr[i++] = '0' + (n%10);
 482   2                n /= 10;
 483   2           }
 484   1           
 485   1           for (j = 0; j < i; j++)
 486   1           {
C51 COMPILER V9.54   MISC                                                                  08/31/2022 15:02:54 PAGE 9   

 487   2                *str++ = ptr[i-j-1] ;
 488   2           }
 489   1           
 490   1           *str = '\0';
 491   1      }
 492          
 493          
 494          
 495          
 496          


MODULE INFORMATION:   STATIC OVERLAYABLE
   CODE SIZE        =   1111    ----
   CONSTANT SIZE    =    768    ----
   XDATA SIZE       =   ----      47
   PDATA SIZE       =   ----    ----
   DATA SIZE        =   ----    ----
   IDATA SIZE       =   ----    ----
   BIT SIZE         =   ----       2
END OF MODULE INFORMATION.


C51 COMPILATION COMPLETE.  0 WARNING(S),  0 ERROR(S)
