C51 COMPILER V9.54   OUTPUTS                                                               08/31/2022 15:02:54 PAGE 1   


C51 COMPILER V9.54, COMPILATION OF MODULE OUTPUTS
OBJECT MODULE PLACED IN .\Objects\outputs.obj
COMPILER INVOKED BY: D:\Keil5\C51\BIN\C51.EXE ..\src\bsp\outputs.c LARGE OPTIMIZE(8,SPEED) BROWSE DEBUG OBJECTEXTEND PRI
                    -NT(.\Listings\outputs.lst) TABS(5) OBJECT(.\Objects\outputs.obj)

line level    source

   1          /****************************************************************************
   2           * misc.c
   3           *
   4           *    Copyright (C) Hiklife. All rights reserved.
   5           *   Author: Lgx <lgx@hiklife.com> 2019-03
   6           * 
   7           *
   8           ****************************************************************************/
   9          
  10          #include "..\include_s.h"
  11            
  12          
  13          /***************************
  14          * 清输出控制
  15          */
  16          void clear_all_output(void)
  17          {
  18   1           display_clear();
  19   1      }
  20          
  21          /***************************
  22          * 输出控制刷新  
  23          */
  24          void update_all_output(void)
  25          {
  26   1          display_drive();
  27   1          send_panel_comm();//每100ms发送控制包
  28   1      }
  29          
  30          
  31          
  32          
  33          
  34          


MODULE INFORMATION:   STATIC OVERLAYABLE
   CODE SIZE        =      9    ----
   CONSTANT SIZE    =   ----    ----
   XDATA SIZE       =   ----    ----
   PDATA SIZE       =   ----    ----
   DATA SIZE        =   ----    ----
   IDATA SIZE       =   ----    ----
   BIT SIZE         =   ----    ----
END OF MODULE INFORMATION.


C51 COMPILATION COMPLETE.  0 WARNING(S),  0 ERROR(S)
