C51 COMPILER V9.54   QUEUE                                                                 08/16/2022 08:43:35 PAGE 1   


C51 COMPILER V9.54, COMPILATION OF MODULE QUEUE
OBJECT MODULE PLACED IN .\Objects\queue.obj
COMPILER INVOKED BY: D:\Keil5\C51\BIN\C51.EXE ..\src\lib\queue.c OPTIMIZE(8,SPEED) BROWSE DEBUG OBJECTEXTEND PRINT(.\Lis
                    -tings\queue.lst) TABS(5) OBJECT(.\Objects\queue.obj)

line level    source

   1          
   2          
   3          #include "..\include_s.h"
   4          
   5          void init_cqueue(CQueue_t * queue, Queue_EleType * buf, u8 len)
*** ERROR C141 IN LINE 5 OF ..\src\lib\queue.c: syntax error near '*', expected ')'
   6          {
   7   1          queue->dat     = buf;
*** ERROR C202 IN LINE 7 OF ..\src\lib\queue.c: 'queue': undefined identifier
   8   1          queue->front   = 0;
*** ERROR C202 IN LINE 8 OF ..\src\lib\queue.c: 'queue': undefined identifier
   9   1          queue->rear    = 0;
*** ERROR C202 IN LINE 9 OF ..\src\lib\queue.c: 'queue': undefined identifier
  10   1          queue->length  = len;   
*** ERROR C202 IN LINE 10 OF ..\src\lib\queue.c: 'queue': undefined identifier
  11   1      }
  12          
  13          bool queueIsEmpty(CQueue_t * queue)
*** ERROR C141 IN LINE 13 OF ..\src\lib\queue.c: syntax error near '*', expected ')'
  14          {
  15   1          return (queue->rear == queue->front);
*** ERROR C202 IN LINE 15 OF ..\src\lib\queue.c: 'queue': undefined identifier
  16   1      }
  17          
  18          bool queueIsFull(CQueue_t * queue)
*** ERROR C141 IN LINE 18 OF ..\src\lib\queue.c: syntax error near '*', expected ')'
  19          {
  20   1          return ((queue->rear + 1) % (queue->length) == queue->front);
*** ERROR C202 IN LINE 20 OF ..\src\lib\queue.c: 'queue': undefined identifier
  21   1      }
  22          
  23          size_t getQueueLength(CQueue_t * queue)
*** ERROR C141 IN LINE 23 OF ..\src\lib\queue.c: syntax error near '*', expected ')'
  24          {
  25   1          return ((queue->rear) - (queue->front) + (queue->length)) % (queue->length);
*** ERROR C202 IN LINE 25 OF ..\src\lib\queue.c: 'queue': undefined identifier
  26   1      }
  27          
  28          bool inQueue(CQueue_t * queue, Queue_EleType value)
*** ERROR C141 IN LINE 28 OF ..\src\lib\queue.c: syntax error near '*', expected ')'
  29          {
  30   1          if (queueIsFull(queue))
*** ERROR C202 IN LINE 30 OF ..\src\lib\queue.c: 'queue': undefined identifier
  31   1          {
  32   2              return false;
  33   2          }
  34   1      
  35   1          queue->dat[queue->rear] = value;
*** ERROR C202 IN LINE 35 OF ..\src\lib\queue.c: 'queue': undefined identifier
  36   1          queue->rear = (queue->rear + 1) % (queue->length);        //
*** ERROR C202 IN LINE 36 OF ..\src\lib\queue.c: 'queue': undefined identifier
  37   1      
  38   1          return true;
  39   1      }
C51 COMPILER V9.54   QUEUE                                                                 08/16/2022 08:43:35 PAGE 2   

  40          
  41          bool outQueue(CQueue_t * queue, Queue_EleType *p_value)
*** ERROR C141 IN LINE 41 OF ..\src\lib\queue.c: syntax error near '*', expected ')'
  42          {
  43   1          if (queueIsEmpty(queue))
*** ERROR C202 IN LINE 43 OF ..\src\lib\queue.c: 'queue': undefined identifier
  44   1          {
  45   2              return false;
  46   2          }
  47   1      
  48   1          *p_value = queue->dat[queue->front];
*** ERROR C202 IN LINE 48 OF ..\src\lib\queue.c: 'p_value': undefined identifier
  49   1          queue->front = (queue->front + 1) % (queue->length);
*** ERROR C202 IN LINE 49 OF ..\src\lib\queue.c: 'queue': undefined identifier
  50   1      
  51   1          return true;
  52   1      }
  53          
  54          
  55          
  56          
  57          
  58          
  59          
  60          
  61          

C51 COMPILATION COMPLETE.  0 WARNING(S),  19 ERROR(S)
